<?xml version="1.0" encoding="UTF-8"?>
<testng-results ignored="0" total="0" passed="0" failed="0" skipped="0">
  <reporter-output>
  </reporter-output>
  <suite started-at="2025-07-24T11:56:31 WAT" name="Surefire suite" finished-at="2025-07-24T11:56:31 WAT" duration-ms="14">
    <groups>
    </groups>
    <test started-at="2025-07-24T11:56:31 WAT" name="Surefire test" finished-at="2025-07-24T11:56:31 WAT" duration-ms="14">
      <class name="TestBase.TestBase">
        <test-method is-config="true" signature="Capabilities()[pri:0, instance:TestBase.TestBase@351d00c0]" started-at="2025-07-24T11:56:16 WAT" name="Capabilities" finished-at="2025-07-24T11:56:16 WAT" duration-ms="29" status="PASS">
          <reporter-output>
          </reporter-output>
        </test-method> <!-- Capabilities -->
        <test-method is-config="true" signature="setUp()[pri:0, instance:TestBase.TestBase@351d00c0]" started-at="2025-07-24T11:56:16 WAT" name="setUp" finished-at="2025-07-24T11:56:31 WAT" duration-ms="14899" status="PASS">
          <reporter-output>
          </reporter-output>
        </test-method> <!-- setUp -->
        <test-method is-config="true" signature="startServer()[pri:0, instance:TestBase.TestBase@351d00c0]" started-at="2025-07-24T11:56:31 WAT" name="startServer" finished-at="2025-07-24T11:56:31 WAT" duration-ms="19" status="PASS">
          <reporter-output>
          </reporter-output>
        </test-method> <!-- startServer -->
        <test-method is-config="true" signature="tearDown()[pri:0, instance:TestBase.TestBase@351d00c0]" started-at="2025-07-24T11:56:31 WAT" name="tearDown" finished-at="2025-07-24T11:56:31 WAT" duration-ms="1" status="PASS">
          <reporter-output>
          </reporter-output>
        </test-method> <!-- tearDown -->
      </class> <!-- TestBase.TestBase -->
    </test> <!-- Surefire test -->
  </suite> <!-- Surefire suite -->
</testng-results>
