<?xml version="1.0" encoding="UTF-8"?>
<testng-results ignored="0" total="0" passed="0" failed="0" skipped="0">
  <reporter-output>
  </reporter-output>
  <suite started-at="2025-07-21T15:23:28 WAT" name="Surefire suite" finished-at="2025-07-21T15:23:28 WAT" duration-ms="18">
    <groups>
    </groups>
    <test started-at="2025-07-21T15:23:28 WAT" name="Surefire test" finished-at="2025-07-21T15:23:28 WAT" duration-ms="18">
    </test> <!-- Surefire test -->
  </suite> <!-- Surefire suite -->
</testng-results>
